<?xml version="1.0" encoding="UTF-8"?>
<!-- Generated by org.testng.reporters.JUnitReportReporter -->
<testsuite skipped="0" hostname="SURAJ" name="runTimexml.CreateTestNGXML" tests="1" failures="0" timestamp="2022-03-03T14:23:58 IST" time="914.324" errors="0">
  <testcase name="writeXML" time="914.324" classname="runTimexml.CreateTestNGXML"/>
  <system-out/>
</testsuite> <!-- runTimexml.CreateTestNGXML -->
