<?xml version="1.0" encoding="UTF-8"?>
<!-- Generated by org.testng.reporters.JUnitReportReporter -->
<testsuite skipped="0" hostname="SURAJ" name="testCases.LogIn_TC01" tests="1" failures="0" timestamp="2022-01-07T13:17:25 IST" time="49.815" errors="0">
  <testcase name="Validate_LoginPage" time="49.815" classname="testCases.LogIn_TC01"/>
  <system-out/>
</testsuite> <!-- testCases.LogIn_TC01 -->
