<?xml version="1.0" encoding="UTF-8"?>
<!-- Generated by org.testng.reporters.JUnitReportReporter -->
<testsuite skipped="0" hostname="SURAJ" name="sql.FatchDataFromDataBase" tests="1" failures="0" timestamp="2022-02-09T19:13:11 IST" time="913.162" errors="0">
  <testcase name="test" time="913.162" classname="sql.FatchDataFromDataBase"/>
  <system-out/>
</testsuite> <!-- sql.FatchDataFromDataBase -->
