<?xml version="1.0" encoding="UTF-8"?>
<!-- Generated by org.testng.reporters.JUnitReportReporter -->
<testsuite skipped="2" hostname="SURAJ" name="testCases.TestCase_TC04" tests="3" failures="0" timestamp="2022-03-15T15:44:57 IST" time="43.411" errors="0">
  <testcase name="crtNewUserWithoutPayroll" time="43.411" classname="testCases.TestCase_TC04"/>
  <system-out/>
  <testcase name="validateAddNewUserDetails" classname="testCases.TestCase_TC04">
    <skipped/>
  </testcase> <!-- validateAddNewUserDetails -->
  <system-out/>
  <testcase name="validateEnabilityOfUserPage" classname="testCases.TestCase_TC04">
    <skipped/>
  </testcase> <!-- validateEnabilityOfUserPage -->
  <system-out/>
</testsuite> <!-- testCases.TestCase_TC04 -->
