<?xml version="1.0" encoding="UTF-8"?>
<!-- Generated by org.testng.reporters.JUnitReportReporter -->
<testsuite skipped="0" hostname="SURAJ" name="Listeners.MailTheReport" tests="1" failures="0" timestamp="2022-01-12T15:07:34 IST" time="6.576" errors="0">
  <testcase name="main" time="6.576" classname="Listeners.MailTheReport"/>
  <system-out/>
</testsuite> <!-- Listeners.MailTheReport -->
