<?xml version="1.0" encoding="UTF-8"?>
<!-- Generated by org.testng.reporters.JUnitReportReporter -->
<testsuite skipped="0" hostname="SURAJ" name="runTimexml.CreateTestNGXML" tests="1" failures="0" timestamp="2022-02-23T09:12:43 IST" time="5.157" errors="0">
  <testcase name="writeXML" time="5.157" classname="runTimexml.CreateTestNGXML"/>
  <system-out/>
</testsuite> <!-- runTimexml.CreateTestNGXML -->
