<?xml version="1.0" encoding="UTF-8"?>
<!-- Generated by org.testng.reporters.JUnitReportReporter -->
<testsuite skipped="0" hostname="SURAJ" name="testCases.ExtentDemo" tests="2" failures="0" timestamp="2022-01-27T18:05:25 IST" time="4.171" errors="0">
  <testcase name="extentReportsDemo" time="4.171" classname="testCases.ExtentDemo"/>
  <system-out/>
  <testcase name="test2" time="0.000" classname="testCases.ExtentDemo"/>
  <system-out/>
</testsuite> <!-- testCases.ExtentDemo -->
