<?xml version="1.0" encoding="UTF-8"?>
<!-- Generated by org.testng.reporters.JUnitReportReporter -->
<testsuite skipped="0" hostname="SURAJ" name="testCases.TestCase_TC03" tests="3" failures="0" timestamp="2022-03-14T12:41:37 IST" time="141.174" errors="0">
  <testcase name="validateMenuBar" time="30.172" classname="testCases.TestCase_TC03"/>
  <system-out/>
  <testcase name="validateAccountingMenu" time="59.218" classname="testCases.TestCase_TC03"/>
  <system-out/>
  <testcase name="validateLabourMngMenu" time="51.784" classname="testCases.TestCase_TC03"/>
  <system-out/>
</testsuite> <!-- testCases.TestCase_TC03 -->
