<?xml version="1.0" encoding="UTF-8"?>
<!-- Generated by org.testng.reporters.JUnitReportReporter -->
<testsuite skipped="0" hostname="SURAJ" name="testCases.ExtentReport" tests="1" failures="0" timestamp="2022-01-11T18:30:23 IST" time="15.341" errors="0">
  <testcase name="main" time="15.341" classname="testCases.ExtentReport"/>
  <system-out/>
</testsuite> <!-- testCases.ExtentReport -->
