<?xml version="1.0" encoding="UTF-8"?>
<!-- Generated by org.testng.reporters.JUnitReportReporter -->
<testsuite skipped="0" hostname="SURAJ" name="sql.FatchDataFromDataBase" tests="1" failures="0" timestamp="2022-03-09T13:09:38 IST" time="9.565" errors="0">
  <testcase name="fatchData" time="9.565" classname="sql.FatchDataFromDataBase"/>
  <system-out/>
</testsuite> <!-- sql.FatchDataFromDataBase -->
