<?xml version="1.0" encoding="UTF-8"?>
<!-- Generated by org.testng.reporters.JUnitReportReporter -->
<testsuite skipped="0" hostname="SURAJ" name="testCases.TestCase_TC01" tests="2" failures="0" timestamp="2022-01-13T20:30:41 IST" time="144.237" errors="0">
  <testcase name="TC0002GenrateReport" time="107.553" classname="testCases.TestCase_TC01"/>
  <system-out/>
  <testcase name="TC001ValidateLoginPage" time="36.684" classname="testCases.TestCase_TC01"/>
  <system-out/>
</testsuite> <!-- testCases.TestCase_TC01 -->
