<?xml version="1.0" encoding="UTF-8"?>
<!-- Generated by org.testng.reporters.JUnitReportReporter -->
<testsuite skipped="0" hostname="SURAJ" name="BasePage.TestBasePage" tests="1" failures="0" timestamp="2022-01-11T20:36:45 IST" time="0.016" errors="0">
  <testcase name="test" time="0.016" classname="BasePage.TestBasePage"/>
  <system-out/>
</testsuite> <!-- BasePage.TestBasePage -->
